TicTacToe using LÖVE game engine/Android/Source code/app/build/intermediates/manifest_merge_blame_file/normalRelease/manifest-merger-blame-normal-release-report.txt
1<?xml version="1.0" encoding="utf-8"?>
2<manifest xmlns:android="http://schemas.android.com/apk/res/android"
3    package="com.himel.tictactoer"
4    android:installLocation="auto"
5    android:versionCode="32"
6    android:versionName="11.5b" >
7
8    <uses-sdk
9        android:minSdkVersion="14"
10        android:targetSdkVersion="30" />
11
12    <uses-permission
12-->src\main\AndroidManifest.xml:4:3-105
13        android:name="android.permission.READ_EXTERNAL_STORAGE"
13-->src\main\AndroidManifest.xml:4:20-75
14        android:maxSdkVersion="23" />
14-->src\main\AndroidManifest.xml:4:76-102
15    <uses-permission
15-->src\main\AndroidManifest.xml:5:3-106
16        android:name="android.permission.WRITE_EXTERNAL_STORAGE"
16-->src\main\AndroidManifest.xml:5:20-76
17        android:maxSdkVersion="28" /> <!-- OpenGL ES 2.0 -->
17-->src\main\AndroidManifest.xml:5:77-103
18    <uses-feature android:glEsVersion="0x00020000" /> <!-- Touchscreen support -->
18-->src\main\AndroidManifest.xml:8:3-52
18-->src\main\AndroidManifest.xml:8:17-49
19    <uses-feature
19-->src\main\AndroidManifest.xml:10:3-88
20        android:name="android.hardware.touchscreen"
20-->src\main\AndroidManifest.xml:10:17-60
21        android:required="false" /> <!-- Game controller support -->
21-->src\main\AndroidManifest.xml:10:61-85
22    <uses-feature
22-->src\main\AndroidManifest.xml:12:3-86
23        android:name="android.hardware.bluetooth"
23-->src\main\AndroidManifest.xml:12:17-58
24        android:required="false" />
24-->src\main\AndroidManifest.xml:12:59-83
25    <uses-feature
25-->src\main\AndroidManifest.xml:13:3-84
26        android:name="android.hardware.gamepad"
26-->src\main\AndroidManifest.xml:13:17-56
27        android:required="false" />
27-->src\main\AndroidManifest.xml:13:57-81
28    <uses-feature
28-->src\main\AndroidManifest.xml:14:3-85
29        android:name="android.hardware.usb.host"
29-->src\main\AndroidManifest.xml:14:17-57
30        android:required="false" /> <!-- External mouse input events -->
30-->src\main\AndroidManifest.xml:14:58-82
31    <uses-feature
31-->src\main\AndroidManifest.xml:16:3-84
32        android:name="android.hardware.type.pc"
32-->src\main\AndroidManifest.xml:16:17-56
33        android:required="false" />
33-->src\main\AndroidManifest.xml:16:57-81
34
35    <application
35-->src\main\AndroidManifest.xml:18:3-85:19
36        android:allowBackup="true"
36-->src\main\AndroidManifest.xml:19:7-33
37        android:appComponentFactory="androidx.core.app.CoreComponentFactory"
37-->[androidx.core:core:1.3.0] AndroidManifest.xml:24:18-86
38        android:hardwareAccelerated="true"
38-->src\main\AndroidManifest.xml:22:7-41
39        android:icon="@drawable/love"
39-->src\main\AndroidManifest.xml:20:7-36
40        android:label="TicTacToe Remastered" >
40-->src\main\AndroidManifest.xml:21:7-43
41        <service android:name="org.love2d.android.DownloadService" />
41-->src\main\AndroidManifest.xml:23:7-68
41-->src\main\AndroidManifest.xml:23:16-65
42
43        <activity
43-->src\main\AndroidManifest.xml:24:7-66:18
44            android:name="org.love2d.android.GameActivity"
44-->src\main\AndroidManifest.xml:25:9-55
45            android:configChanges="orientation|screenSize|smallestScreenSize|screenLayout|keyboard|keyboardHidden|navigation"
45-->src\main\AndroidManifest.xml:26:9-122
46            android:hardwareAccelerated="true"
46-->src\main\AndroidManifest.xml:29:2-36
47            android:label="TicTacToe Remastered"
47-->src\main\AndroidManifest.xml:27:9-45
48            android:launchMode="singleTask"
48-->src\main\AndroidManifest.xml:28:9-40
49            android:resizeableActivity="true"
49-->src\main\AndroidManifest.xml:31:9-42
50            android:screenOrientation="sensorLandscape"
50-->src\main\AndroidManifest.xml:30:9-52
51            android:theme="@android:style/Theme.NoTitleBar.Fullscreen" >
51-->src\main\AndroidManifest.xml:32:9-67
52            <intent-filter>
52-->src\main\AndroidManifest.xml:33:9-37:25
53                <action android:name="android.intent.action.MAIN" />
53-->src\main\AndroidManifest.xml:34:11-63
53-->src\main\AndroidManifest.xml:34:19-60
54
55                <category android:name="android.intent.category.LAUNCHER" />
55-->src\main\AndroidManifest.xml:35:11-71
55-->src\main\AndroidManifest.xml:35:21-68
56                <category android:name="tv.ouya.intent.category.GAME" />
56-->src\main\AndroidManifest.xml:36:11-67
56-->src\main\AndroidManifest.xml:36:21-64
57            </intent-filter>
58            <intent-filter>
58-->src\main\AndroidManifest.xml:38:9-46:25
59                <action android:name="android.intent.action.VIEW" />
59-->src\main\AndroidManifest.xml:39:11-63
59-->src\main\AndroidManifest.xml:39:19-60
60
61                <category android:name="android.intent.category.DEFAULT" />
61-->src\main\AndroidManifest.xml:40:11-70
61-->src\main\AndroidManifest.xml:40:21-67
62                <category android:name="android.intent.category.BROWSABLE" />
62-->src\main\AndroidManifest.xml:41:11-72
62-->src\main\AndroidManifest.xml:41:21-69
63
64                <data android:scheme="file" />
64-->src\main\AndroidManifest.xml:42:11-41
64-->src\main\AndroidManifest.xml:42:17-38
65                <data android:mimeType="*/*" />
65-->src\main\AndroidManifest.xml:42:11-41
66                <data android:pathPattern=".*\\.love" />
66-->src\main\AndroidManifest.xml:42:11-41
67                <data android:host="*" />
67-->src\main\AndroidManifest.xml:42:11-41
68            </intent-filter>
69            <intent-filter>
69-->src\main\AndroidManifest.xml:47:9-53:25
70                <action android:name="android.intent.action.VIEW" />
70-->src\main\AndroidManifest.xml:39:11-63
70-->src\main\AndroidManifest.xml:39:19-60
71
72                <category android:name="android.intent.category.DEFAULT" />
72-->src\main\AndroidManifest.xml:40:11-70
72-->src\main\AndroidManifest.xml:40:21-67
73                <category android:name="android.intent.category.BROWSABLE" />
73-->src\main\AndroidManifest.xml:41:11-72
73-->src\main\AndroidManifest.xml:41:21-69
74
75                <data android:scheme="content" />
75-->src\main\AndroidManifest.xml:42:11-41
75-->src\main\AndroidManifest.xml:42:17-38
76                <data android:mimeType="application/x-love-game" />
76-->src\main\AndroidManifest.xml:42:11-41
77            </intent-filter>
78            <intent-filter>
78-->src\main\AndroidManifest.xml:54:9-60:25
79                <action android:name="android.intent.action.VIEW" />
79-->src\main\AndroidManifest.xml:39:11-63
79-->src\main\AndroidManifest.xml:39:19-60
80
81                <category android:name="android.intent.category.DEFAULT" />
81-->src\main\AndroidManifest.xml:40:11-70
81-->src\main\AndroidManifest.xml:40:21-67
82                <category android:name="android.intent.category.BROWSABLE" />
82-->src\main\AndroidManifest.xml:41:11-72
82-->src\main\AndroidManifest.xml:41:21-69
83
84                <data android:scheme="content" />
84-->src\main\AndroidManifest.xml:42:11-41
84-->src\main\AndroidManifest.xml:42:17-38
85                <data android:mimeType="application/octet-stream" />
85-->src\main\AndroidManifest.xml:42:11-41
86            </intent-filter>
87            <intent-filter>
87-->src\main\AndroidManifest.xml:61:9-65:25
88                <action android:name="android.intent.action.SEND" />
88-->src\main\AndroidManifest.xml:62:11-63
88-->src\main\AndroidManifest.xml:62:19-60
89
90                <category android:name="android.intent.category.DEFAULT" />
90-->src\main\AndroidManifest.xml:40:11-70
90-->src\main\AndroidManifest.xml:40:21-67
91
92                <data android:mimeType="application/*" />
92-->src\main\AndroidManifest.xml:42:11-41
93            </intent-filter>
94        </activity>
95        <activity
95-->src\main\AndroidManifest.xml:67:7-84:18
96            android:name="org.love2d.android.DownloadActivity"
96-->src\main\AndroidManifest.xml:68:9-59
97            android:noHistory="true"
97-->src\main\AndroidManifest.xml:69:9-33
98            android:theme="@android:style/Theme.NoTitleBar" >
98-->src\main\AndroidManifest.xml:70:9-56
99            <intent-filter>
99-->src\main\AndroidManifest.xml:71:9-83:25
100                <action android:name="android.intent.action.VIEW" />
100-->src\main\AndroidManifest.xml:39:11-63
100-->src\main\AndroidManifest.xml:39:19-60
101
102                <category android:name="android.intent.category.DEFAULT" />
102-->src\main\AndroidManifest.xml:40:11-70
102-->src\main\AndroidManifest.xml:40:21-67
103                <category android:name="android.intent.category.BROWSABLE" />
103-->src\main\AndroidManifest.xml:41:11-72
103-->src\main\AndroidManifest.xml:41:21-69
104
105                <data
105-->src\main\AndroidManifest.xml:42:11-41
106                    android:host="*"
107                    android:mimeType="*/*"
108                    android:pathPattern=".*\\.love"
109                    android:scheme="http" />
109-->src\main\AndroidManifest.xml:42:17-38
110                <data
110-->src\main\AndroidManifest.xml:42:11-41
111                    android:host="*"
112                    android:mimeType="*/*"
113                    android:pathPattern=".*\\.love"
114                    android:scheme="https" />
114-->src\main\AndroidManifest.xml:42:17-38
115            </intent-filter>
116        </activity>
117    </application>
118
119</manifest>